xrun(64): 24.09-s008: (c) Copyright 1995-2025 Cadence Design Systems, Inc.
TOOL:	xrun(64)	24.09-s008: Started on Mar 22, 2026 at 00:19:20 +07
xrun
	-access +rwc
	-sv
	-linedebug
	-input run.tcl
	-f listfile.f
		../rtl/AXI_master.sv
		../rtl/axi_ram.v
		../rtl/controller.v
		../rtl/Control_Unit.v
		../rtl/DPRAM_IFM.v
		../rtl/DPRAM.v
		../rtl/FIFO_MAXPOOL_array.v
		../rtl/FIFO.v
		../rtl/Functional_Unit.v
		../rtl/ifm_addr_controller.v
		../rtl/ifm_FIFO_array.v
		../rtl/ifm_FIFO.v
		../rtl/MAXPOOL_FIFO_array.v
		../rtl/MAXPOOL.v
		../rtl/mult_fixpoint.v
		../rtl/ofm_read_addr_controller.v
		../rtl/ofm_write_addr_controller_1.v
		../rtl/ofm_write_addr_controller_2.v
		../rtl/PE_array.v
		../rtl/PE_MAXPOOL_array.v
		../rtl/PE.v
		../rtl/systolic_array.v
		../rtl/tb.v
		../rtl/TOP.v
		../rtl/wgt_addr_controller.v
		../rtl/wgt_FIFO_array.v
		../rtl/wrapper_ip.v
xrun: *W,BADPRF: The -linedebug option may have an adverse performance impact.
Recompiling... reason: file '../rtl/tb.v' is newer than expected.
	expected: Sun Mar 22 00:14:56 2026
	actual:   Sun Mar 22 00:19:11 2026
file: ../rtl/tb.v
	module worklib.tb:v
		errors: 0, warnings: 0
		Caching library 'worklib' ....... Done
	Elaborating the design hierarchy:
  ) u_slave (
          |
xmelab: *W,CUVWSP (../rtl/TOP.v,190|10): 2 output ports were not connected:
xmelab: (../rtl/axi_ram.v,67): s_axi_bid
xmelab: (../rtl/axi_ram.v,81): s_axi_rid

  ) u_slave (
          |
xmelab: *W,CUVWSI (../rtl/TOP.v,190|10): 6 input ports were not connected:
xmelab: (../rtl/axi_ram.v,57): s_axi_awlock
xmelab: (../rtl/axi_ram.v,58): s_axi_awcache
xmelab: (../rtl/axi_ram.v,59): s_axi_awprot
xmelab: (../rtl/axi_ram.v,76): s_axi_arlock
xmelab: (../rtl/axi_ram.v,77): s_axi_arcache
xmelab: (../rtl/axi_ram.v,78): s_axi_arprot

	) SYSTOLIC_ARRAY_v1_0_M00_AXI_inst (
	                                 |
xmelab: *W,CUVWSP (../rtl/wrapper_ip.v,127|34): 1 output port was not connected:
xmelab: (../rtl/systolic_array.v,177): upsample_mode

	Top level design units:
		tb
    .s_axi_wstrb      ( WSTRB   ) ,
                            |
xmelab: *W,CUVMPW (../rtl/TOP.v,206|28): port sizes differ in port connection(16/1) for the instance(tb.top) .
   .write_ofm_size(8           ) ,
                   |
xmelab: *W,CUVMPW (../rtl/TOP.v,244|19): port sizes differ in port connection(32/5) for the instance(tb.top) .
   .upsample_mode (0           ) ,
                   |
xmelab: *W,CUVMPW (../rtl/TOP.v,251|19): port sizes differ in port connection(32/1) for the instance(tb.top) .
		.m00_axi_awid        (AWID    ) ,
		                         |
xmelab: *W,CUVMPW (../rtl/TOP.v,289|27): port sizes differ in port connection(4/1) for the instance(tb.top) .
		.m00_axi_arid        (ARID   ) ,
		                         |
xmelab: *W,CUVMPW (../rtl/TOP.v,314|27): port sizes differ in port connection(4/1) for the instance(tb.top) .
    $readmemb ("../data/ifm_128bit.bin", top.u_slave.mem,0);
                                                       |
xmelab: *W,MEMODR (../rtl/tb.v,134|55): $readmem default memory order incompatible with IEEE1364.
	$readmemb ("../data/output_layer1_bin.txt", ofm_golden);
	                                                     |
xmelab: *W,MEMODR (../rtl/tb.v,143|54): $readmem default memory order incompatible with IEEE1364.
	Building instance overlay tables: .................... Done
	Generating native compiled code:
		worklib.tb:v <0x313eef0e>
			streams:  23, words: 31308
	Building instance specific data structures.
	Loading native compiled code:     .................... Done
	Design hierarchy summary:
		                    Instances  Unique
		Modules:                  649      27
		Registers:              1,566     270
		Scalar wires:             462       -
		Expanded wires:        23,624   1,206
		Vectored wires:         2,146       -
		Always blocks:            444      54
		Initial blocks:            35      35
		Cont. assignments:      1,826     159
		Pseudo assignments:     1,024       -
		Sparse arrays:              5       -
		Simulation timescale:     1ps
	Writing initial simulation snapshot: worklib.tb:v
Loading snapshot worklib.tb:v .................... Done
xcelium> source /Cadence/XCELIUM2409/tools/xcelium/files/xmsimrc
xcelium> database -open waves -shm
Created SHM database waves
xcelium> probe -create -all -depth all -database waves
Created probe 1
xcelium> run
OFM: 0000000000000000000000000000000000000000000000000000000000000000
OFM: 0000000000000000000000000000000012ca12d712e6131e134012e012d2128e
OFM: 0000000000000000000000000000000006390639063606330615061305f505cb
OFM: 00000000000000000000000000000000047c0472047c046b047c048204710475
OFM: 0000000000000000000000000000000047ee481f47d2482247f8477246eb462c
OFM: 0000000000000000000000000000000000000000000000000000000000000000
OFM: 0000000000000000000000000000000000000000000000000000000000000000
OFM: 0000000000000000000000000000000000000000000000000000000000000000
OFM: 0000000000000000000000000000000000000000007300310079005c00460000
OFM: 00000000000000000000000000000000049104f005440519053a050205503ddb
OFM: 0000000000000000000000000000000000350056008b000c0000000000000000
OFM: 00000000000000000000000000000000010e008c012500af005100ce003b0000
OFM: 0000000000000000000000000000000000000000000000000000000000000000
OFM: 000000000000000000000000000000000076001e000000000000009e00bf0000
OFM: 000000000000000000000000000000003d8f3db63d7f3dca3dab3d3e3caf3c18
OFM: 0000000000000000000000000000000000000000000000000000000000000000
OFM: 0000000000000000000000000000000000000000000000000000000000000000
OFM: 0000000000000000000000000000000012fc12ea12e9131512d2130d12de12e4
OFM: 00000000000000000000000000000000063f063e063f0633062b061d060405e8
OFM: 00000000000000000000000000000000047a046a046e0462046d047b0476046d
OFM: 0000000000000000000000000000000000000000000000000000000000000000
OFM: 0000000000000000000000000000000000000000000000000000000000000000
OFM: 0000000000000000000000000000000000000000000000000000000000000149
OFM: 0000000000000000000000000000000000000000000000000000000000000000
OFM: 00000000000000000000000000000000000b007f007c00220000002400270075
OFM: 00000000000000000000000000000000010200f000c600d4006b010100ca3dc9
OFM: 000000000000000000000000000000000002009d0094006d00a000930087018d
OFM: 00000000000000000000000000000000007c008b017800cb00a1007f003f002b
OFM: 0000000000000000000000000000000000000000000000000000000000000000
OFM: 00000000000000000000000000000000004100aa00bb00510089007b01530199
OFM: 00000000000000000000000000000000008c008e00f900330020003a00000050
OFM: 0000000000000000000000000000000000000000000000000000000000000000
OFM: 0000000000000000000000000000000000000000000000000000000000000000
OFM: 00000000000000000000000000000000132112f812fb12eb12ec132f12e012cc
OFM: 000000000000000000000000000000000663064c063a063f06390624062305ff
OFM: 00000000000000000000000000000000047804680464046504660469046e046f
OFM: 000000000000000000000000000000000000000000000000000000000000000d
OFM: 0000000000000000000000000000000000000000000000000000000000000000
OFM: 000000000000000000000000000000000000000000000000000000000000023c
OFM: 0000000000000000000000000000000000000000000000000000000000000000
OFM: 00000000000000000000000000000000001400ac00390013001a000000000000
OFM: 00000000000000000000000000000000004c00dd0150008a008b009c00ac3e07
OFM: 00000000000000000000000000000000006c006800a500ba0064000f003201d8
OFM: 0000000000000000000000000000000000f0007f006000a100af006e008300a3
OFM: 0000000000000000000000000000000000000000000000000000000000000000
OFM: 00000000000000000000000000000000005400050013003a002000a900bb007e
OFM: 00000000000000000000000000000000008a0113013200000055008200d80141
OFM: 0000000000000000000000000000000000000000000000000000000000000000
OFM: 0000000000000000000000000000000000000000000000000000000000000000
OFM: 0000000000000000000000000000000012ec132312fe12cc12e312e612d81304
OFM: 00000000000000000000000000000000067106590644063f0639062b0631061a
OFM: 0000000000000000000000000000000004850483047a0476047504640471046c
OFM: 0000000000000000000000000000000000000000000000000000000000000000
OFM: 0000000000000000000000000000000000000000000000000000000000000000
OFM: 000000000000000000000000000000000000001700000000000000000000020c
OFM: 0000000000000000000000000000000000000000000000000000000000000000
OFM: 0000000000000000000000000000000000a9008400560000002e0044003f0000
OFM: 000000000000000000000000000000000103009d0125007a006200bb00b53dfd
OFM: 0000000000000000000000000000000000da00e600c4000000340078004f01da
OFM: 0000000000000000000000000000000000ec009600ad00e400e4004900480066
OFM: 0000000000000000000000000000000000000000000000000000000000000000
OFM: 0000000000000000000000000000000000e900de008b00a900b60064008d00a5
OFM: 000000000000000000000000000000000052000700b300d7005100460024001d
OFM: 0000000000000000000000000000000000000000000000000000000000000000
OFM: 0000000000000000000000000000000000000000000000000000000000000000
OFM: 000000000000000000000000000000001334132812cd12e312d712dd12c212b3
OFM: 0000000000000000000000000000000006770655064f0648063c062d062a0621
OFM: 000000000000000000000000000000000473048c04920481047f047a047a0467
OFM: 0000000000000000000000000000000000000000000000000000000000000000
OFM: 0000000000000000000000000000000000000000000000000000000000000000
OFM: 00000000000000000000000000000000000000000000000000000000000001a8
OFM: 0000000000000000000000000000000000000000000000000000000000000000
OFM: 0000000000000000000000000000000000000000002f002500230000003f0000
OFM: 000000000000000000000000000000000083009d0084009300a4009c00913e1f
OFM: 00000000000000000000000000000000002700000045005f0038005c00450162
OFM: 0000000000000000000000000000000000b0007b009900980084005c0087009d
OFM: 0000000000000000000000000000000000000000000000000000000000000000
OFM: 00000000000000000000000000000000008d0080009300b200a3004e0056003c
OFM: 00000000000000000000000000000000008c00840045005300530018003b0069
OFM: 0000000000000000000000000000000000000000000000000000000000000000
OFM: 0000000000000000000000000000000000000000000000000000000000000000
OFM: 000000000000000000000000000000001318132412f712e212e612d112c712f3
OFM: 00000000000000000000000000000000068f06760649063b0636062d062c060a
OFM: 000000000000000000000000000000000468048a048f04750473046e046a0470
OFM: 0000000000000000000000000000000000000000000000000000000000000000
OFM: 0000000000000000000000000000000000000000000000000000000000000000
OFM: 0000000000000000000000000000000000000000000000000000000000000211
OFM: 0000000000000000000000000000000000000000000000000000000000000000
OFM: 000000000000000000000000000000000000007400000018003c000000390000
OFM: 00000000000000000000000000000000005200d6009b008600c6006a00e53e27
OFM: 000000000000000000000000000000000026005300260044002a003e003801af
OFM: 0000000000000000000000000000000000d3007700d200a3005a0099009600f3
OFM: 0000000000000000000000000000000000000000000000000000000000000000
OFM: 000000000000000000000000000000000053003d002500310056003900310013
OFM: 00000000000000000000000000000000006f001200b6009d003300550030004a
OFM: 0000000000000000000000000000000000000000000000000000000000000000
OFM: 0000000000000000000000000000000000000000000000000000000000000000
OFM: 000000000000000000000000000000001310131a133612da12ea12a612da12e7
OFM: 00000000000000000000000000000000068c068606670646063e0632062e061d
OFM: 00000000000000000000000000000000046304660480047f0482047e04830493
OFM: 0000000000000000000000000000000000000000000000000000000000000000
OFM: 0000000000000000000000000000000000000000000000000000000000000000
OFM: 000000000000000000000000000000000000000000000000000000000000023f
OFM: 0000000000000000000000000000000000000000000000000000000000000000
OFM: 00000000000000000000000000000000000e004a0001003b0039000000090000
OFM: 00000000000000000000000000000000004300da00d3009200d7007b00c63dd3
OFM: 000000000000000000000000000000000059001f004f006f0099008b008001da
OFM: 0000000000000000000000000000000000c300b600d700a10060009f006e00df
OFM: 0000000000000000000000000000000000000000000000000000000000000000
OFM: 00000000000000000000000000000000004100630055007a00830066007b0062
OFM: 00000000000000000000000000000000000e0067003500540000000000060000
OFM: 0000000000000000000000000000000000000000000000000000000000000000
OFM: 0000000000000000000000000000000000000000000000000000000000000000
OFM: 0000000000000000000000000000000012f2130f1303131112c012c012a71298
OFM: 00000000000000000000000000000000067c06820677066106450633062f0628
OFM: 0000000000000000000000000000000004630477047a0479047f0482049704a0
OFM: 0000000000000000000000000000000000000000000000000000000000000000
OFM: 0000000000000000000000000000000000000000000000000000000000000000
OFM: 00000000000000000000000000000000000000000000000000000000000001c5
OFM: 0000000000000000000000000000000000000000000000000000000000000000
OFM: 0000000000000000000000000000000000000008001e000d0000000600000000
OFM: 0000000000000000000000000000000000b0006400c900cb00f90079009d3da9
OFM: 00000000000000000000000000000000003600480028005a001900a8007d018f
OFM: 00000000000000000000000000000000007c0103002700680061009900960079
OFM: 0000000000000000000000000000000000000000000000000000000000000000
OFM: 00000000000000000000000000000000007a0037005b004c0068003400190028
OFM: 00000000000000000000000000000000008100200020004f0067001400300019
OFM: 0000000000000000000000000000000000000000000000000000000000000000
OFM: 0000000000000000000000000000000000000000000000000000000000000000
OFM: 00000000000000000000000000000000130812e212ed12cf12d8127b12a51277
OFM: 00000000000000000000000000000000067206730671066c064d063c0635062c
OFM: 00000000000000000000000000000000046a048e04950492049d049b04c104bf
OFM: 0000000000000000000000000000000000000000000000000000000000000000
OFM: 0000000000000000000000000000000000000000000000000000000000000000
OFM: 00000000000000000000000000000000000000000000000000000000000001b6
OFM: 0000000000000000000000000000000000000000000000000000000000000000
OFM: 0000000000000000000000000000000000000000000000070000005700000000
OFM: 0000000000000000000000000000000000fb00cc00ef0086013600e3005b3db9
OFM: 00000000000000000000000000000000002b00b600d900610032002f001c0187
OFM: 00000000000000000000000000000000007101070067009a0092007600f0005e
OFM: 0000000000000000000000000000000000000000000000000000000000000000
OFM: 00000000000000000000000000000000005e0059001c005000640093007e004b
OFM: 00000000000000000000000000000000002f00070000001b002e004500480033
OFM: 0000000000000000000000000000000000000000000000000000000000000000
OFM: 0000000000000000000000000000000000000000000000000000000000000000
OFM: 0000000000000000000000000000000012e712f212b412c812f0129c12991288
OFM: 00000000000000000000000000000000068106730672066a0655063d063b0632
OFM: 000000000000000000000000000000000474048e04980494049e04ac04e504e6
OFM: 0000000000000000000000000000000000000000000000000000000000000000
OFM: 0000000000000000000000000000000000000000000000000000000000000000
OFM: 0000000000000000000000000000000000000000000000000000000000000199
OFM: 0000000000000000000000000000000000000000000000000000000000000000
OFM: 0000000000000000000000000000000000790039000000000000000000000000
OFM: 0000000000000000000000000000000000570151008f008c00c400ed000a3dc6
OFM: 00000000000000000000000000000000009e007900ab0060005000550063019e
OFM: 0000000000000000000000000000000000ee002b00d200c9008500050124000e
OFM: 0000000000000000000000000000000000000000000000000000000000000000
OFM: 000000000000000000000000000000000045009e00a9002a0072005e00650028
OFM: 00000000000000000000000000000000000000890065000000460043003f0015
OFM: 0000000000000000000000000000000000000000000000000000000000000000
OFM: 0000000000000000000000000000000000000000000000000000000000000000
OFM: 0000000000000000000000000000000012cf12cd12d1129412c9129d127b1274
OFM: 00000000000000000000000000000000068306720673066f0667064b06400634
OFM: 0000000000000000000000000000000004b704a604b904c804c304cb04dc04ce
OFM: 0000000000000000000000000000000000000000000000000000000000000000
OFM: 0000000000000000000000000000000000000000000000000000000000000000
OFM: 00000000000000000000000000000000000000000000000000000000000001ce
OFM: 0000000000000000000000000000000000000000000000000000000000000000
OFM: 0000000000000000000000000000000000000044000000080020000000000073
OFM: 0000000000000000000000000000000000a200ad00cb009800b000d400db3d81
OFM: 0000000000000000000000000000000000a900d40068004200430012006901be
OFM: 0000000000000000000000000000000000c100ea004500f400a0007200bf0066
OFM: 0000000000000000000000000000000000000000000000000000000000000000
OFM: 00000000000000000000000000000000005a004600200055008e007f004e0038
OFM: 0000000000000000000000000000000000010079007b00610041007d00640000
OFM: 0000000000000000000000000000000000000000000000000000000000000000
OFM: 0000000000000000000000000000000000000000000000000000000000000000
OFM: 0000000000000000000000000000000012ea129e12b212a012b012b81284127d
OFM: 0000000000000000000000000000000006980673067806740669064c06460632
OFM: 0000000000000000000000000000000004c704b504c504d704d404cc04c10499
OFM: 0000000000000000000000000000000000000000000000000000000000000000
OFM: 0000000000000000000000000000000000000000000000000000000000000000
OFM: 0000000000000000000000000000000000000000000000000000000000000240
OFM: 0000000000000000000000000000000000000000000000000000000000000000
OFM: 0000000000000000000000000000000000350002000000010051000c00350046
OFM: 0000000000000000000000000000000000f500300089005a006c00ed01013d18
OFM: 0000000000000000000000000000000000a4009800780037006a0083005001b5
OFM: 0000000000000000000000000000000000d400e5008c00e800a7006a001200d4
OFM: 0000000000000000000000000000000000000000000000000000000000000000
OFM: 000000000000000000000000000000000056009b005b00310026001800360059
OFM: 000000000000000000000000000000000007003d001e0052006e006c003f003b
OFM: 0000000000000000000000000000000000000000000000000000000000000000
OFM: 0000000000000000000000000000000000000000000000000000000000000000
OFM: 00000000000000000000000000000000127d129f12ac12b812cd129a12971273
OFM: 0000000000000000000000000000000006aa0681067c067b0666064a06400636
OFM: 0000000000000000000000000000000004b004b604c304d304d804a604be04d0
OFM: 0000000000000000000000000000000000000000000000000000000000000000
OFM: 0000000000000000000000000000000000000000000000000000000000000000
OFM: 00000000000000000000000000000000000000000000000000000000000001c8
OFM: 0000000000000000000000000000000000000000000000000000000000000000
OFM: 000000000000000000000000000000000024000000000000003d003700070000
OFM: 00000000000000000000000000000000000b0023005a00840098010300773d85
OFM: 0000000000000000000000000000000000ed0068006d00540067008100400161
OFM: 0000000000000000000000000000000000fc0113007900a800d5001800d90066
OFM: 0000000000000000000000000000000000000000000000000000000000000000
OFM: 0000000000000000000000000000000000910057002b0025004e005800570061
OFM: 000000000000000000000000000000000000003600320027000f0022006f0091
OFM: 0000000000000000000000000000000000000000000000000000000000000000
OFM: 0000000000000000000000000000000000000000000000000000000000000000
OFM: 000000000000000000000000000000001273126f127d12a212ab12ab128112a9
OFM: 0000000000000000000000000000000006b00683068a0680067006680651063a
OFM: 0000000000000000000000000000000004ea04c304a104da04de04a104c304d8
OFM: 0000000000000000000000000000000000000000000000000000000000000000
OFM: 0000000000000000000000000000000000000000000000000000000000000000
OFM: 00000000000000000000000000000000000000000000000000000000000001b5
OFM: 0000000000000000000000000000000000000000000000000000000000000000
OFM: 0000000000000000000000000000000000000052000000000028000000000000
OFM: 0000000000000000000000000000000000710035002e007a007a010500a63da7
OFM: 00000000000000000000000000000000004600a800b1006f003a0000003601a3
OFM: 0000000000000000000000000000000000d600e200b400c000e2009400e60034
OFM: 0000000000000000000000000000000000000000000000000000000000000000
OFM: 00000000000000000000000000000000005b003f004e00300049004200580050
OFM: 00000000000000000000000000000000009000000000001e003d007700590000
OFM: 0000000000000000000000000000000000000000000000000000000000000000
OFM: 0000000000000000000000000000000000000000000000000000000000000000
OFM: 0000000000000000000000000000000012681267128612a512b0128a12c21285
OFM: 0000000000000000000000000000000006bf068a06850679066b0669064e063a
OFM: 0000000000000000000000000000000004ec04bc049304b804b6048e049f04a6
OFM: 0000000000000000000000000000000000000000000000000000000000000000
OFM: 0000000000000000000000000000000000000000000000000000000000000000
OFM: 0000000000000000000000000000000000000000000000000000000000000194
OFM: 0000000000000000000000000000000000000000000000000000000000000000
OFM: 00000000000000000000000000000000000f0096000000000000004d007a001d
OFM: 00000000000000000000000000000000009a00420030002400a100ca00913d98
OFM: 000000000000000000000000000000000099006b002b0019003900c100590150
OFM: 0000000000000000000000000000000000ba00ea00b3011800c200a900d5002c
OFM: 0000000000000000000000000000000000000000000000000000000000000000
OFM: 00000000000000000000000000000000006e0052003f003a003200160020004e
OFM: 000000000000000000000000000000000000003d001e004d0052002200600059
OFM: 0000000000000000000000000000000000000000000000000000000000000000
OFM: 0000000000000000000000000000000000000000000000000000000000000000
OFM: 0000000000000000000000000000000012a3127c128212cd12ab12ec12c212ad
OFM: 0000000000000000000000000000000006c806a2068f0692068e068006440643
OFM: 0000000000000000000000000000000004e504d104ac04b104a20482049b0492
OFM: 0000000000000000000000000000000000000000000000000000000000000000
OFM: 0000000000000000000000000000000000000000000000000000000000000000
OFM: 00000000000000000000000000000000000000000000000000000000000001ed
OFM: 0000000000000000000000000000000000000000000000000000000000000000
OFM: 00000000000000000000000000000000005000d400540000004b00810000004e
OFM: 00000000000000000000000000000000004d000000ce001100a900e500613d99
OFM: 00000000000000000000000000000000005000600058002d00400036003e017d
OFM: 0000000000000000000000000000000000f4011f0101013f00990071012c0060
OFM: 0000000000000000000000000000000000000000000000000000000000000000
OFM: 000000000000000000000000000000000069004200800046007f00d600b90061
OFM: 000000000000000000000000000000000004008e004f0029005e008300a30031
OFM: 0000000000000000000000000000000000000000000000000000000000000000
OFM: 0000000000000000000000000000000000000000000000000000000000000000
OFM: 000000000000000000000000000000001240132412f212891339130f12e6128f
OFM: 0000000000000000000000000000000006b406a90691068906810693065b064c
OFM: 0000000000000000000000000000000004d104ab0495049504a604a504a00495
OFM: 0000000000000000000000000000000000000000000000000000000000000000
OFM: 0000000000000000000000000000000000000000000000000000000000000000
OFM: 000000000000000000000000000000000000000f00000000000000000000021d
OFM: 0000000000000000000000000000000000000000000000000000000000000000
OFM: 00000000000000000000000000000000001300fd00c500ce00000076002a0041
OFM: 0000000000000000000000000000000000770000007c008b00c100ac00dc3da6
OFM: 0000000000000000000000000000000000a0009e005c00640068001100630182
OFM: 00000000000000000000000000000000012f01370113015600ee00cd00b900b9
OFM: 0000000000000000000000000000000000000000000000000000000000000000
OFM: 0000000000000000000000000000000000a5009f00b700a10059012200590062
OFM: 0000000000000000000000000000000000000000007f00030099007600770027
OFM: 0000000000000000000000000000000000000000000000000000000000000000
OFM: 0000000000000000000000000000000000000000000000000000000000000000
OFM: 0000000000000000000000000000000012ba1281127a1370139b136a12d012d7
OFM: 0000000000000000000000000000000006c806a906be06a106bd068e06750655
OFM: 0000000000000000000000000000000004f904d904cb04cb04a0048a048c0492
OFM: 0000000000000000000000000000000000000000000000000000000000000000
OFM: 0000000000000000000000000000000000000000000000000000000000000000
OFM: 000000000000000000000000000000000000000000000000005f0000000001fa
OFM: 0000000000000000000000000000000000000000000000000000000000000000
OFM: 0000000000000000000000000000000001a400b30000002e00ce010d00630000
OFM: 000000000000000000000000000000000000009b00160080000000ab00783e41
OFM: 00000000000000000000000000000000010400c900db010b012a005600240195
OFM: 00000000000000000000000000000000019300f8014800c20195006800b90089
OFM: 0000000000000000000000000000000000000000000000000000000000000000
OFM: 0000000000000000000000000000000001ef020300f2004f00eb010e00540058
OFM: 0000000000000000000000000000000000bf0044001f000000bb00840091007b
OFM: 0000000000000000000000000000000000000000000000000000000000000000
OFM: 0000000000000000000000000000000000000000000000000000000000000000
OFM: 0000000000000000000000000000000012a912f013d012b213cc130312e812e5
OFM: 0000000000000000000000000000000006a0068d06aa069f0686069b0680065f
OFM: 000000000000000000000000000000000546051f04a4049c04960467047e0491
OFM: 000000000000000000000000000000000000000000cd00b20000005e00000000
OFM: 00000000000000000000000000000000028100f1000002810000000000000000
OFM: 0000000000000000000000000000000009090699057504c90000000000000186
OFM: 0000000000000000000000000000000000000000000000000000000000000000
OFM: 0000000000000000000000000000000013da043c01c40487007c00de00340000
OFM: 0000000000000000000000000000000007c2000001330192000000b4006e3e5e
OFM: 000000000000000000000000000000000a6a070f067a065f003e00b200000175
OFM: 0000000000000000000000000000000003ea098701a1021c019100c600d20077
OFM: 0000000000000000000000000000000000000000000000000000000000000000
OFM: 000000000000000000000000000000000000098801ec02ae00a001fe00cb00b0
OFM: 0000000000000000000000000000000000000000020901ef00df01c400eb0090
OFM: 0000000000000000000000000000000000000000000000000000000000000000
OFM: 000000000000000000000000000000000000014e02a30b230000000000000000
OFM: 000000000000000000000000000000000ee00bc40e0b16a117d61240134712ae
OFM: 0000000000000000000000000000000005ca0536050c05f106af0683068e0670
OFM: 00000000000000000000000000000000053104f003ac0396056f05e7049e0487
OFM: 0000000000000000000000000000000000220000000000000000000000000000
OFM: 000000000000000000000000000000000000002001e411270ed0000000000000
OFM: 000000000000000000000000000000001b982218298a28281bf004f0026c0253
OFM: 0000000000000000000000000000000000000000000000000000000000000000
OFM: 00000000000000000000000000000000142312600dce078600000605015a0000
OFM: 0000000000000000000000000000000006fd0bb402c100000342049500423e4d
OFM: 00000000000000000000000000000000197a241e299d26c90fce05fd02e70208
OFM: 00000000000000000000000000000000040700000000200d150d05e7037c00fa
OFM: 0000000000000000000000000000000000000000000000000000000000000000
OFM: 0000000000000000000000000000000006bc0aa81360141401640a6704620078
OFM: 0000000000000000000000000000000002f90000000000000000000000170000
OFM: 0000000000000000000000000000000000000000000000000000000000000000
OFM: 0000000000000000000000000000000000000000000002f3051b000000000000
OFM: 000000000000000000000000000000000d140fcd079d07d1153914ba1324136a
OFM: 00000000000000000000000000000000031a01b10090019306a1068e0678066a
OFM: 00000000000000000000000000000000029e01b40162019b04c3056a048f0490
OFM: 0000000000000000000000000000000000ba04c0049d005d000007ff00950000
OFM: 0000000000000000000000000000000000000000000010b218a7000000000000
OFM: 00000000000000000000000000000000201a099800000cf3206a0426019d0167
OFM: 0000000000000000000000000000000000000000000000000000000000000000
OFM: 0000000000000000000000000000000011dc0ec501ff024a000005e901360000
OFM: 0000000000000000000000000000000008e50916021f010c000007de011b3e8f
OFM: 000000000000000000000000000000001e650cc600000b4d104f0658008b0180
OFM: 000000000000000000000000000000000000010a00001d2f277904bd049600ad
OFM: 0000000000000000000000000000000000000000000000000000000000000000
OFM: 00000000000000000000000000000000092b0c4902ec023801dd0077025e0073
OFM: 0000000000000000000000000000000001a6048d04540071000007eb019000a2
OFM: 0000000000000000000000000000000000000000000000000000000000000000
OFM: 00000000000000000000000000000000000000000000000000d7000000000000
OFM: 000000000000000000000000000000000856094807a707ae0c7014bf13241349
OFM: 0000000000000000000000000000000000e100b900b900f505d906e106780661
OFM: 0000000000000000000000000000000001c801e601ba026d053d056004870483
OFM: 00000000000000000000000000000000036c0119023a01f607fd066e00000000
OFM: 00000000000000000000000000000000011a00000055065a1514000000000000
OFM: 0000000000000000000000000000000004ca04c8017200161485009500000178
OFM: 0000000000000000000000000000000000000000000000000000000000000000
OFM: 00000000000000000000000000000000000004cd01f400bc0000003b00000000
OFM: 0000000000000000000000000000000000c5025b021f003a00000000006e3ece
OFM: 0000000000000000000000000000000004c0058b023c0009057d00150021015f
OFM: 0000000000000000000000000000000001f900ce00000823228005b202290086
OFM: 0000000000000000000000000000000000000000000000000000000000000000
OFM: 000000000000000000000000000000000158011908db02bf07950c7601050010
OFM: 0000000000000000000000000000000002f40171031e027b0803061800ea004f
OFM: 0000000000000000000000000000000000000000000000000000000000000000
OFM: 0000000000000000000000000000000000000000000000000143000000000000
OFM: 000000000000000000000000000000000ef611240c4607790e2a14da134112d2
OFM: 0000000000000000000000000000000001bb023f029300e4054f06bc067b0674
OFM: 0000000000000000000000000000000001bf03140478025c04a104b3047a0461
OFM: 0000000000000000000000000000000038393ae3248a03500000000000000000
OFM: 0000000000000000000000000000000003fa08a400f5067f168600be00000000
OFM: 0000000000000000000000000000000000000000000001241390064e000001d9
OFM: 0000000000000000000000000000000000000000000000000000000000000000
OFM: 0000000000000000000000000000000006fd08b411f70a1d0000013b00460000
OFM: 00000000000000000000000000000000000000001fb308b9000000e0008a3e9e
OFM: 00000000000000000000000000000000000000000000011e05340332006001c0
OFM: 000000000000000000000000000000000f140cd500000578217e088e00c00098
OFM: 0000000000000000000000000000000000000000000000000000000000000000
OFM: 000000000000000000000000000000001a861b071609017f001d010b007d0097
OFM: 000000000000000000000000000000003327347d2209032000000021007e0022
OFM: 0000000000000000000000000000000000000000000000000000000000000000
OFM: 00000000000000000000000000000000000000000000000000e1000000000000
OFM: 0000000000000000000000000000000015cb1663109d07a80bcd1355130e12b1
OFM: 0000000000000000000000000000000004280480047e00da0510069706910694
OFM: 0000000000000000000000000000000001dd0318049d026105af056e046b044a
OFM: 0000000000000000000000000000000031d90e4e0000005600e6000000000000
OFM: 0000000000000000000000000000000004940afe053a039219dc005600000000
OFM: 00000000000000000000000000000000025301d8000000220eb709a8000001ea
OFM: 0000000000000000000000000000000000000000000000000000000000000000
OFM: 0000000000000000000000000000000000850103192f10c8000001ff00290000
OFM: 0000000000000000000000000000000000b1071526fd0c940000010000b13e6b
OFM: 00000000000000000000000000000000032902aa014f0046034f0444000c018a
OFM: 000000000000000000000000000000000be505830000039d22f00cf70166009c
OFM: 0000000000000000000000000000000000000000000000000000000000000000
OFM: 000000000000000000000000000000000303037b0208012e012400000095009d
OFM: 000000000000000000000000000000002b010c340000009d011e0000009a003e
OFM: 0000000000000000000000000000000000000000000000000000000000000000
OFM: 0000000000000000000000000000000000000000000000000120000000000000
OFM: 00000000000000000000000000000000172715c210d708af0b9c127d12981343
OFM: 0000000000000000000000000000000003fe0457046f00fc0498068a068c0686
OFM: 0000000000000000000000000000000001b302980449025c0696068804590429
OFM: 000000000000000000000000000000000122013e0014007a00c4000000000000
OFM: 0000000000000000000000000000000000bc07ea066902db1a0f000000000000
OFM: 00000000000000000000000000000000000000000000007a109a0ab500000167
OFM: 0000000000000000000000000000000000000000000000000000000000000000
OFM: 000000000000000000000000000000000042000015ea12f3000009ff01400000
OFM: 000000000000000000000000000000000191065327e80ec000000000008e3f12
OFM: 000000000000000000000000000000000000000000000073047405cb013b0150
OFM: 0000000000000000000000000000000000e600000000031d1ad30dec018b00f2
OFM: 0000000000000000000000000000000000000000000000000000000000000000
OFM: 000000000000000000000000000000000104000002310221006c0259006c008b
OFM: 000000000000000000000000000000000237023b004700c00103000000000072
OFM: 0000000000000000000000000000000000000000000000000000000000000000
OFM: 0000000000000000000000000000000000000000000000000154000000000000
OFM: 0000000000000000000000000000000016b915f4113d08810b5f0faf13441308
OFM: 0000000000000000000000000000000003d10455047c00fc046f062f068e066e
OFM: 000000000000000000000000000000000193027c04440271068406d704650449
OFM: 0000000000000000000000000000000000000000000000000059000000000000
OFM: 0000000000000000000000000000000000a608920839012418e0000000000000
OFM: 0000000000000000000000000000000000000000000001750f140931030f0246
OFM: 0000000000000000000000000000000000000000000000000000000000000000
OFM: 0000000000000000000000000000000000000000130f161300f60745004f0000
OFM: 00000000000000000000000000000000015a064828cb109a0000000000003f0b
OFM: 00000000000000000000000000000000000000160000009f013a028d01db01dd
OFM: 0000000000000000000000000000000000420000000001831a870ec205c40111
OFM: 0000000000000000000000000000000000000000000000000000000000000000
OFM: 000000000000000000000000000000000072003601ba01c5001101640071000b
OFM: 0000000000000000000000000000000000ba00360012006301160088008500a8
OFM: 0000000000000000000000000000000000000000000000000000000000000000
OFM: 000000000000000000000000000000000000000000000000017f000000000000
OFM: 00000000000000000000000000000000167716161151090c0a610e89131e12a4
OFM: 0000000000000000000000000000000003d40446049400f9046805d106950678
OFM: 00000000000000000000000000000000018402570438026b063a079004d80433
OFM: 0000000000000000000000000000000000000000000000000000000000000000
OFM: 000000000000000000000000000000000000085c0976000018ad0000001d0000
OFM: 0000000000000000000000000000000000000000000001e110270287082e0271
OFM: 0000000000000000000000000000000000000000000000000000000000000000
OFM: 00000000000000000000000000000000000000000fd319ae01db091000c70079
OFM: 0000000000000000000000000000000001a2059b299a12f50000000001423ec6
OFM: 00000000000000000000000000000000006a004d002e010001dd0228021401c5
OFM: 0000000000000000000000000000000000e40000000000431a330d740c10016d
OFM: 0000000000000000000000000000000000000000000000000000000000000000
OFM: 000000000000000000000000000000000059004f0175021c008f004c00a7007e
OFM: 00000000000000000000000000000000001b00210000000000bf000000240000
OFM: 0000000000000000000000000000000000000000000000000000000000000000
OFM: 0000000000000000000000000000000000000000000000000181000000000000
OFM: 0000000000000000000000000000000016a6161d1174095d0a7c0fa6135012f1
OFM: 0000000000000000000000000000000003d7043e049301190449056e069b067e
OFM: 0000000000000000000000000000000001ac0252042a024f062407b304e50404
OFM: 0000000000000000000000000000000000000000000000000049000000000000
OFM: 00000000000000000000000000000000004f07150a540000196c000000000000
OFM: 00000000000000000000000000000000000000000000017210ee01a409010279
OFM: 0000000000000000000000000000000000000000000000000000000000000000
OFM: 00000000000000000000000000000000000d00000e351ab7030d099900f40064
OFM: 00000000000000000000000000000000014405222a8814500000016b00dc3e61
OFM: 00000000000000000000000000000000000c000f001200970257018c01eb0193
OFM: 0000000000000000000000000000000000f80000000000001a610d7a0eb0016e
OFM: 0000000000000000000000000000000000000000000000000000000000000000
OFM: 000000000000000000000000000000000075004b0162026100c8012e004a007c
OFM: 00000000000000000000000000000000005e002b0000000000aa0061002e006c
OFM: 0000000000000000000000000000000000000000000000000000000000000000
OFM: 0000000000000000000000000000000000000000000000000158000000000000
OFM: 00000000000000000000000000000000168c1600119e0984099f0ed512da12f0
OFM: 0000000000000000000000000000000003c5041c047801100417055906a1068c
OFM: 000000000000000000000000000000000197021a03f3024c05f907a204e60433
OFM: 000000000000000000000000000000000000000000000001004e000000000000
OFM: 0000000000000000000000000000000000ba05410b110000193e005300000000
OFM: 0000000000000000000000000000000000000000000000d7100200dc07fa0275
OFM: 0000000000000000000000000000000000000000000000000000000000000000
OFM: 00000000000000000000000000000000000000000c441bf9038708af0000000c
OFM: 0000000000000000000000000000000000fd05992aaf16a80000010400003e78
OFM: 00000000000000000000000000000000003a00000000001b01ca00ad015601ad
OFM: 0000000000000000000000000000000000340000000000001a5f0ce30ead01c8
OFM: 0000000000000000000000000000000000000000000000000000000000000000
OFM: 00000000000000000000000000000000001400360114024700d400b40046003d
OFM: 000000000000000000000000000000000052006e0000005f00bc00c800540013
OFM: 0000000000000000000000000000000000000000000000000000000000000000
OFM: 0000000000000000000000000000000000000000000000000136000000000000
OFM: 00000000000000000000000000000000166e163211ee09f309960ef012a01321
OFM: 0000000000000000000000000000000003ac0416048000fa0418055f069e068a
OFM: 00000000000000000000000000000000016901e003b6024d05ee079a04f4043e
OFM: 0000000000000000000000000000000000000000000000000073000000000000
OFM: 0000000000000000000000000000000000b304e00b77001918c3016400000000
OFM: 0000000000000000000000000000000000000000000001620fde01a40734028d
OFM: 0000000000000000000000000000000000000000000000000000000000000000
OFM: 000000000000000000000000000000000020000009671e2b049507ec00000000
OFM: 0000000000000000000000000000000000d805882a5817800000000000003e82
OFM: 00000000000000000000000000000000004500650005002601cf00ca012d01fb
OFM: 0000000000000000000000000000000000920000000000001b010c590e0b01cc
OFM: 0000000000000000000000000000000000000000000000000000000000000000
OFM: 00000000000000000000000000000000006a00370141024d00be006500100023
OFM: 000000000000000000000000000000000078000c0000004800d500dc0084002e
OFM: 0000000000000000000000000000000000000000000000000000000000000000
OFM: 0000000000000000000000000000000000000000000000000093000000000000
OFM: 000000000000000000000000000000001699164812440a6909a90ed9129f1300
OFM: 0000000000000000000000000000000003a8040c047f00fc03f6055006850686
OFM: 00000000000000000000000000000000016b01c9039d024a05c2079104fe0440
OFM: 000000000000000000000000000000000000000000080000007c000000000000
OFM: 0000000000000000000000000000000000b004710be3001618cc02a800000000
OFM: 0000000000000000000000000000000000000000000001ba0f9e03910753023a
OFM: 0000000000000000000000000000000000000000000000000000000000000000
OFM: 00000000000000000000000000000000005f000006d1209d03ac086b00000000
OFM: 00000000000000000000000000000000016504cc2bb619530000000000003e68
OFM: 00000000000000000000000000000000003900000000005c021d01b6014601bb
OFM: 0000000000000000000000000000000000710000000000001abf0c2b0e500178
OFM: 0000000000000000000000000000000000000000000000000000000000000000
OFM: 000000000000000000000000000000000032007700c8024100b0008e00380065
OFM: 0000000000000000000000000000000000960062003c002900de00270048002a
OFM: 0000000000000000000000000000000000000000000000000000000000000000
OFM: 0000000000000000000000000000000000000000000000000000000000000000
OFM: 000000000000000000000000000000001683165d12390a6509200ee8128412c8
OFM: 0000000000000000000000000000000003b904250497012103c3053206810699
OFM: 00000000000000000000000000000000016501d703bd026b058f07680504043d
OFM: 00000000000000000000000000000000000000000000000f0084000000000000
OFM: 0000000000000000000000000000000000d2041e0bed0000180c053500000000
OFM: 00000000000000000000000000000000000000000000017d0cf702bd06ac0219
OFM: 0000000000000000000000000000000000000000000000000000000000000000
OFM: 0000000000000000000000000000000000000000050c222e02a606bf00000000
OFM: 00000000000000000000000000000000017704682c771a820000000000003e4c
OFM: 0000000000000000000000000000000000810058000a0000014d00a1010601bb
OFM: 0000000000000000000000000000000001200000000000ae18ea0be40e460152
OFM: 0000000000000000000000000000000000000000000000000000000000000000
OFM: 000000000000000000000000000000000061007500f102a2006100aa001a0074
OFM: 00000000000000000000000000000000001b00000000006d00ec00ab00380042
OFM: 0000000000000000000000000000000000000000000000000000000000000000
Simulation interrupted at 588645 NS + 3
../rtl/AXI_master.sv:345     always @(*) begin
xcelium> exit
TOOL:	xrun(64)	24.09-s008: Exiting on Mar 22, 2026 at 00:19:34 +07  (total: 00:00:14)
